<?xml version="1.0" encoding="UTF-8"?>
<!-- Generated by org.testng.reporters.JUnitXMLReporter -->
<testsuite ignored="0" hostname="LAPTOP-NV5LHH0B" failures="0" tests="16" name="Test2" time="0.096" errors="0" timestamp="20 Nov 2024 16:34:02 GMT">
  <testcase classname="testng.Class1" name="method12" time="0.006"/>
  <testcase classname="testng.Class1" name="method12" time="0.004"/>
  <testcase classname="testng.Class1" name="method12" time="0.002"/>
  <testcase classname="testng.Class2" name="method21" time="0.001"/>
  <testcase classname="testng.Class2" name="method22" time="0.004"/>
  <testcase classname="testng.Class2" name="method23" time="0.002"/>
  <testcase classname="testng.Class3" name="method31" time="0.001"/>
  <testcase classname="testng.Class3" name="method32" time="0.001"/>
  <testcase classname="testng.Class3" name="method33" time="0.002"/>
  <testcase classname="testng.Class4" name="method41" time="0.0"/>
  <testcase classname="testng.Class4" name="method42" time="0.001"/>
  <testcase classname="testng.Class4" name="method43" time="0.001"/>
  <testcase classname="testng.Class5" name="method51" time="0.001"/>
  <testcase classname="testng.Class5" name="method52" time="0.0"/>
  <testcase classname="testng.Class5" name="method53" time="0.0"/>
  <testcase classname="testng.Class1" name="method11" time="0.0"/>
</testsuite> <!-- Test2 -->
